"GET /admin/ HTTP/1.1" 200 5482
"GET /static/admin/css/dashboard.css HTTP/1.1" 200 412
"GET /static/admin/css/base.css HTTP/1.1" 200 16225
"GET /static/admin/css/responsive.css HTTP/1.1" 200 17976
"GET /static/admin/css/fonts.css HTTP/1.1" 200 423
"GET /static/admin/img/icon-changelink.svg HTTP/1.1" 304 0
"GET /static/admin/img/icon-addlink.svg HTTP/1.1" 304 0
"GET /static/admin/fonts/Roboto-Regular-webfont.woff HTTP/1.1" 200 80304
"GET /static/admin/fonts/Roboto-Light-webfont.woff HTTP/1.1" 200 81348
"GET /static/admin/fonts/Roboto-Bold-webfont.woff HTTP/1.1" 200 82564
"GET /admin/shop/product/ HTTP/1.1" 200 4342
"GET /static/admin/js/core.js HTTP/1.1" 304 0
"GET /static/admin/js/vendor/jquery/jquery.js HTTP/1.1" 304 0
"GET /static/admin/js/actions.js HTTP/1.1" 304 0
"GET /static/admin/js/admin/RelatedObjectLookups.js HTTP/1.1" 304 0
"GET /static/admin/js/urlify.js HTTP/1.1" 304 0
"GET /static/admin/js/prepopulate.js HTTP/1.1" 304 0
"GET /static/admin/js/vendor/xregexp/xregexp.js HTTP/1.1" 304 0
"GET /static/admin/css/changelists.css HTTP/1.1" 200 6170
"GET /static/admin/js/jquery.init.js HTTP/1.1" 200 363
"GET /admin/jsi18n/ HTTP/1.1" 200 3185
"GET /static/admin/img/tooltag-add.svg HTTP/1.1" 304 0
"GET /admin/shop/ HTTP/1.1" 200 3289
"GET /admin/shop/category/ HTTP/1.1" 200 4349
"GET /admin/jsi18n/ HTTP/1.1" 200 3185
"GET /admin/shop/category/add/ HTTP/1.1" 200 5741
"GET /static/admin/js/change_form.js HTTP/1.1" 200 712
"GET /static/admin/js/prepopulate_init.js HTTP/1.1" 200 495
"GET /admin/jsi18n/ HTTP/1.1" 200 3185
"GET /static/admin/css/forms.css HTTP/1.1" 200 8505
"GET /static/admin/css/widgets.css HTTP/1.1" 200 10340
"POST /admin/shop/category/add/ HTTP/1.1" 302 0
"GET /admin/shop/category/ HTTP/1.1" 200 4756
"GET /admin/jsi18n/ HTTP/1.1" 200 3185
"GET /static/admin/img/icon-yes.svg HTTP/1.1" 304 0
"GET /admin/shop/category/1/change/ HTTP/1.1" 200 6297
"GET /admin/jsi18n/ HTTP/1.1" 200 3185
"GET /admin/shop/ HTTP/1.1" 200 3289
"GET /admin/shop/product/ HTTP/1.1" 200 4342
"GET /admin/jsi18n/ HTTP/1.1" 200 3185
"GET /admin/shop/product/add/ HTTP/1.1" 200 8298
"GET /admin/jsi18n/ HTTP/1.1" 200 3185
"POST /admin/shop/product/add/ HTTP/1.1" 302 0
"GET /admin/shop/product/ HTTP/1.1" 200 4755
"GET /admin/jsi18n/ HTTP/1.1" 200 3185
"GET / HTTP/1.1" 200 6689
"GET /media/products/Screenshot_from_2020-05-24_09-19-14.png HTTP/1.1" 200 1201299
"GET /running-shoes/ HTTP/1.1" 200 5062
"GET /media/products/Screenshot_from_2020-05-24_09-19-14.png HTTP/1.1" 304 0
"GET /categories/footwear/ HTTP/1.1" 200 4463
"GET /media/products/Screenshot_from_2020-05-24_09-19-14.png HTTP/1.1" 304 0
"GET /categories/clothing/ HTTP/1.1" 200 4440
"GET / HTTP/1.1" 200 6734
"GET /media/products/Screenshot_from_2020-05-24_09-19-14.png HTTP/1.1" 304 0
"GET / HTTP/1.1" 200 5288
"GET /categories/clothing/ HTTP/1.1" 200 3753
"GET / HTTP/1.1" 200 5288
"GET /categories/footwear/ HTTP/1.1" 200 3753
"GET /categories/footwear/ HTTP/1.1" 200 4508
"GET /media/products/Screenshot_from_2020-05-24_09-19-14.png HTTP/1.1" 304 0
"GET /static/shop/js/jquery.min.js HTTP/1.1" 304 0
"GET /static/shop/js/bootstrap.min.js HTTP/1.1" 304 0
"GET / HTTP/1.1" 200 6734
"GET /static/shop/js/jquery.min.js HTTP/1.1" 304 0
"GET /static/shop/js/bootstrap.min.js HTTP/1.1" 304 0
"GET /media/products/star-gaze-boy.jpg HTTP/1.1" 304 0
"GET / HTTP/1.1" 200 6734
"GET /media/products/Screenshot_from_2020-05-24_09-19-14.png HTTP/1.1" 304 0
"GET / HTTP/1.1" 200 5197
"GET /static/shop/js/bootstrap.min.js HTTP/1.1" 304 0
"GET /static/shop/js/jquery.min.js HTTP/1.1" 304 0
"GET /media/products/star-gaze-boy.jpg HTTP/1.1" 304 0
"GET /media/products/Screenshot_from_2020-05-24_09-19-14.png HTTP/1.1" 304 0
"GET /categories/clothing/ HTTP/1.1" 200 4485
"GET /categories/footwear/ HTTP/1.1" 200 4508
"GET / HTTP/1.1" 200 5197
"GET /checkout/ HTTP/1.1" 302 0
"GET / HTTP/1.1" 200 5196
"GET / HTTP/1.1" 200 5193
"GET /static/shop/js/jquery.min.js HTTP/1.1" 304 0
"GET /static/shop/js/bootstrap.min.js HTTP/1.1" 304 0
"GET /media/products/star-gaze-boy.jpg HTTP/1.1" 304 0
"GET /media/products/Screenshot_from_2020-05-24_09-19-14.png HTTP/1.1" 304 0
"GET /admin/ HTTP/1.1" 200 6061
"GET /static/admin/css/dashboard.css HTTP/1.1" 200 412
"GET /static/admin/css/base.css HTTP/1.1" 200 16225
"GET /static/admin/css/responsive.css HTTP/1.1" 200 17976
"GET /static/admin/css/fonts.css HTTP/1.1" 200 423
"GET /static/admin/img/icon-changelink.svg HTTP/1.1" 200 380
"GET /static/admin/img/icon-addlink.svg HTTP/1.1" 200 331
"GET /favicon.ico HTTP/1.1" 301 0
"GET /static/admin/fonts/Roboto-Light-webfont.woff HTTP/1.1" 200 81348
"GET /static/admin/fonts/Roboto-Bold-webfont.woff HTTP/1.1" 200 82564
"GET /static/admin/fonts/Roboto-Regular-webfont.woff HTTP/1.1" 200 80304
"GET /favicon.ico/ HTTP/1.1" 500 80863
"GET /admin/shop/product/ HTTP/1.1" 200 4568
"GET /static/admin/js/vendor/jquery/jquery.js HTTP/1.1" 304 0
"GET /static/admin/js/jquery.init.js HTTP/1.1" 200 363
"GET /static/admin/js/core.js HTTP/1.1" 304 0
"GET /static/admin/js/admin/RelatedObjectLookups.js HTTP/1.1" 304 0
"GET /static/admin/js/actions.js HTTP/1.1" 304 0
"GET /static/admin/js/urlify.js HTTP/1.1" 304 0
"GET /static/admin/js/prepopulate.js HTTP/1.1" 304 0
"GET /static/admin/js/vendor/xregexp/xregexp.js HTTP/1.1" 304 0
"GET /static/admin/css/changelists.css HTTP/1.1" 200 6170
"GET /admin/jsi18n/ HTTP/1.1" 200 3185
"GET /static/admin/img/tooltag-add.svg HTTP/1.1" 200 331
"POST /admin/shop/product/ HTTP/1.1" 200 3597
"GET /static/admin/js/cancel.js HTTP/1.1" 200 410
"POST /admin/shop/product/ HTTP/1.1" 500 169066
"POST /admin/shop/product/ HTTP/1.1" 200 3597
"GET /static/admin/js/vendor/jquery/jquery.js HTTP/1.1" 304 0
"GET /static/admin/js/jquery.init.js HTTP/1.1" 304 0
"GET /static/admin/js/admin/RelatedObjectLookups.js HTTP/1.1" 304 0
"GET /static/admin/js/core.js HTTP/1.1" 304 0
"GET /static/admin/js/actions.js HTTP/1.1" 304 0
"GET /static/admin/js/prepopulate.js HTTP/1.1" 304 0
"GET /static/admin/js/cancel.js HTTP/1.1" 304 0
"GET /static/admin/js/vendor/xregexp/xregexp.js HTTP/1.1" 304 0
"GET /static/admin/js/urlify.js HTTP/1.1" 304 0
"POST /admin/shop/product/ HTTP/1.1" 302 0
"GET /admin/shop/product/ HTTP/1.1" 200 3297
"GET /admin/jsi18n/ HTTP/1.1" 200 3185
"GET /static/admin/img/icon-yes.svg HTTP/1.1" 200 436
"GET /admin/shop/ HTTP/1.1" 200 3289
"GET /admin/shop/category/ HTTP/1.1" 200 4572
"GET /admin/jsi18n/ HTTP/1.1" 200 3185
"POST /admin/shop/category/ HTTP/1.1" 200 3483
"POST /admin/shop/category/ HTTP/1.1" 302 0
"GET /admin/shop/category/ HTTP/1.1" 200 3308
"GET /admin/jsi18n/ HTTP/1.1" 200 3185
"GET /admin/shop/category/add/ HTTP/1.1" 200 5741
"GET /static/admin/css/forms.css HTTP/1.1" 200 8505
"GET /admin/jsi18n/ HTTP/1.1" 200 3185
"GET /static/admin/js/prepopulate_init.js HTTP/1.1" 200 495
"GET /static/admin/js/change_form.js HTTP/1.1" 200 712
"GET /static/admin/css/widgets.css HTTP/1.1" 200 10340
"POST /admin/shop/category/add/ HTTP/1.1" 200 5993
"GET /admin/jsi18n/ HTTP/1.1" 200 3185
"POST /admin/shop/category/add/ HTTP/1.1" 302 0
"GET /admin/shop/category/ HTTP/1.1" 200 4533
"GET /admin/jsi18n/ HTTP/1.1" 200 3185
"GET /admin/shop/category/add/ HTTP/1.1" 200 5741
"GET /admin/jsi18n/ HTTP/1.1" 200 3185
"POST /admin/shop/category/add/ HTTP/1.1" 302 0
"GET /admin/shop/category/ HTTP/1.1" 200 4756
"GET /admin/jsi18n/ HTTP/1.1" 200 3185
"GET /admin/shop/ HTTP/1.1" 200 3289
"GET /admin/shop/product/ HTTP/1.1" 200 3173
"GET /admin/jsi18n/ HTTP/1.1" 200 3185
"GET /admin/shop/product/add/ HTTP/1.1" 200 8298
"GET /admin/jsi18n/ HTTP/1.1" 200 3185
"POST /admin/shop/product/add/ HTTP/1.1" 302 0
"GET /admin/shop/product/ HTTP/1.1" 200 4567
"GET /admin/jsi18n/ HTTP/1.1" 200 3185
"GET /admin/shop/product/add/ HTTP/1.1" 200 8298
"GET /admin/jsi18n/ HTTP/1.1" 200 3185
"POST /admin/shop/product/add/ HTTP/1.1" 302 0
"GET /admin/shop/product/ HTTP/1.1" 200 4826
"GET /admin/jsi18n/ HTTP/1.1" 200 3185
"GET /admin/shop/product/4/change/ HTTP/1.1" 200 8663
"GET /admin/jsi18n/ HTTP/1.1" 200 3185
"POST /admin/shop/product/4/change/ HTTP/1.1" 302 0
"GET /admin/shop/product/ HTTP/1.1" 200 4828
"GET /admin/jsi18n/ HTTP/1.1" 200 3185
"GET /admin/shop/product/3/change/ HTTP/1.1" 200 8637
"GET /admin/jsi18n/ HTTP/1.1" 200 3185
"POST /admin/shop/product/3/change/ HTTP/1.1" 302 0
"GET /admin/shop/product/ HTTP/1.1" 200 4821
"GET /admin/jsi18n/ HTTP/1.1" 200 3185
"GET /admin/shop/product/4/change/ HTTP/1.1" 200 8954
"GET /admin/jsi18n/ HTTP/1.1" 200 3185
"POST /admin/shop/product/4/change/ HTTP/1.1" 302 0
"GET /admin/shop/product/ HTTP/1.1" 200 4828
"GET /admin/jsi18n/ HTTP/1.1" 200 3185
"GET /admin/shop/product/add/ HTTP/1.1" 200 8298
"GET /admin/jsi18n/ HTTP/1.1" 200 3185
"POST /admin/shop/product/add/ HTTP/1.1" 302 0
"GET /admin/shop/product/ HTTP/1.1" 200 5061
"GET /admin/jsi18n/ HTTP/1.1" 200 3185
"GET /admin/shop/product/add/ HTTP/1.1" 200 8298
"GET /admin/jsi18n/ HTTP/1.1" 200 3185
"POST /admin/shop/product/add/ HTTP/1.1" 302 0
"GET /admin/shop/product/ HTTP/1.1" 200 5270
"GET /admin/jsi18n/ HTTP/1.1" 200 3185
"GET /admin/shop/product/add/ HTTP/1.1" 200 8298
"GET /admin/jsi18n/ HTTP/1.1" 200 3185
"POST /admin/shop/product/add/ HTTP/1.1" 302 0
"GET /admin/shop/product/ HTTP/1.1" 200 5550
"GET /admin/jsi18n/ HTTP/1.1" 200 3185
"GET /admin/shop/product/add/ HTTP/1.1" 200 8298
"GET /admin/jsi18n/ HTTP/1.1" 200 3185
"POST /admin/shop/product/add/ HTTP/1.1" 302 0
"GET /admin/shop/product/ HTTP/1.1" 200 5779
"GET /admin/jsi18n/ HTTP/1.1" 200 3185
"GET / HTTP/1.1" 200 8500
"GET /media/products/81N7hmMz3ZL._AC_UL320__idSRWDf.jpg HTTP/1.1" 200 7058
"GET /static/shop/css/shop-homepage.css HTTP/1.1" 304 0
"GET /static/shop/js/jquery.min.js HTTP/1.1" 304 0
"GET /media/products/61Pvw-l-0FL._AC_UL320_.jpg HTTP/1.1" 200 10399
"GET /static/shop/js/bootstrap.min.js HTTP/1.1" 304 0
"GET /media/products/61OTvBe6qoL._AC_UL320_.jpg HTTP/1.1" 200 13499
"GET /media/products/81Yqx-u2z4L._AC_UL320_.jpg HTTP/1.1" 200 14874
"GET /media/products/61p8cUIuOOL._AC_UL320_.jpg HTTP/1.1" 200 13542
"GET /media/products/81iwqwzwQL._AC_UL320_.jpg HTTP/1.1" 200 8432
"GET /static/shop/css/bootstrap.min.css HTTP/1.1" 200 140930
"GET /categories/footwear/ HTTP/1.1" 200 6165
"GET /media/products/81iwqwzwQL._AC_UL320_.jpg HTTP/1.1" 304 0
"GET /categories/clothing/ HTTP/1.1" 200 6127
"GET /categories/clothing/ HTTP/1.1" 200 6127
"GET /media/products/61p8cUIuOOL._AC_UL320_.jpg HTTP/1.1" 304 0
"GET /mens-slim-fit-casual-shirt/ HTTP/1.1" 200 4953
"GET / HTTP/1.1" 200 8500
"GET /media/products/81iwqwzwQL._AC_UL320_.jpg HTTP/1.1" 304 0
"GET /search/?q=men HTTP/1.1" 200 8498
"GET /media/products/81iwqwzwQL._AC_UL320_.jpg HTTP/1.1" 304 0
"GET /media/products/61p8cUIuOOL._AC_UL320_.jpg HTTP/1.1" 304 0
"GET /media/products/61OTvBe6qoL._AC_UL320_.jpg HTTP/1.1" 304 0
"GET /media/products/81Yqx-u2z4L._AC_UL320_.jpg HTTP/1.1" 304 0
"GET /search/?q=allen HTTP/1.1" 200 3894
"GET /categories/footwear/ HTTP/1.1" 200 6165
"GET /media/products/81iwqwzwQL._AC_UL320_.jpg HTTP/1.1" 304 0
"GET /mens-renew-arena-spt-running-shoes/ HTTP/1.1" 200 4972
"GET /categories/footwear/ HTTP/1.1" 200 6165
"GET /media/products/81iwqwzwQL._AC_UL320_.jpg HTTP/1.1" 304 0
"GET /mens-run-all-day-2-shoes/ HTTP/1.1" 200 4936
"GET /categories/clothing/ HTTP/1.1" 200 6127
"GET /media/products/61p8cUIuOOL._AC_UL320_.jpg HTTP/1.1" 304 0
"GET /categories/footwear/ HTTP/1.1" 200 6165
"GET /media/products/61Pvw-l-0FL._AC_UL320_.jpg HTTP/1.1" 304 0
"GET /media/products/81iwqwzwQL._AC_UL320_.jpg HTTP/1.1" 304 0
"GET /mens-run-all-day-2-shoes/ HTTP/1.1" 200 4936
"GET /mens-run-all-day-2-shoes/ HTTP/1.1" 200 4936
"GET /media/products/81iwqwzwQL._AC_UL320_.jpg HTTP/1.1" 304 0
"GET /categories/clothing/ HTTP/1.1" 200 6127
"GET /media/products/81Yqx-u2z4L._AC_UL320_.jpg HTTP/1.1" 304 0
"GET /categories/clothing/ HTTP/1.1" 200 6127
"GET /media/products/61p8cUIuOOL._AC_UL320_.jpg HTTP/1.1" 304 0
"GET /media/products/61OTvBe6qoL._AC_UL320_.jpg HTTP/1.1" 304 0
"GET /categories/clothing/ HTTP/1.1" 200 6127
"GET /categories/clothing/ HTTP/1.1" 200 6127
"GET /mens-slim-fit-casual-shirt/ HTTP/1.1" 200 4953
"GET /mens-polo/ HTTP/1.1" 200 4902
"GET /mens-polo/cart/? HTTP/1.1" 302 0
"GET /mens-polo/ HTTP/1.1" 200 5121
"GET /mycart/ HTTP/1.1" 200 4494
"GET /checkout/ HTTP/1.1" 302 0
"GET / HTTP/1.1" 200 8500
"GET /media/products/81N7hmMz3ZL._AC_UL320__idSRWDf.jpg HTTP/1.1" 304 0
"GET /media/products/81iwqwzwQL._AC_UL320_.jpg HTTP/1.1" 304 0
"GET /media/products/81Yqx-u2z4L._AC_UL320_.jpg HTTP/1.1" 304 0
"GET /media/products/61p8cUIuOOL._AC_UL320_.jpg HTTP/1.1" 304 0
"GET / HTTP/1.1" 200 8500
"GET /static/shop/css/shop-homepage.css HTTP/1.1" 304 0
"GET /media/products/81N7hmMz3ZL._AC_UL320__idSRWDf.jpg HTTP/1.1" 200 7058
"GET /static/shop/js/jquery.min.js HTTP/1.1" 304 0
"GET /static/shop/js/bootstrap.min.js HTTP/1.1" 304 0
"GET /media/products/81Yqx-u2z4L._AC_UL320_.jpg HTTP/1.1" 200 14874
"GET /media/products/61OTvBe6qoL._AC_UL320_.jpg HTTP/1.1" 200 13499
"GET /media/products/61p8cUIuOOL._AC_UL320_.jpg HTTP/1.1" 200 13542
"GET /media/products/61Pvw-l-0FL._AC_UL320_.jpg HTTP/1.1" 200 10399
"GET /media/products/81iwqwzwQL._AC_UL320_.jpg HTTP/1.1" 200 8432
"GET /static/shop/css/bootstrap.min.css HTTP/1.1" 200 140930
